2018-03-14 23:34:19 - PHP Notice:  Undefined variable: logo in C:\OSPanel\domains\newopencart.loc\catalog\view\theme\apple\template\common\footer.tpl on line 10
2018-03-14 23:34:19 - PHP Notice:  Undefined variable: telephone in C:\OSPanel\domains\newopencart.loc\catalog\view\theme\apple\template\common\footer.tpl on line 58
2018-03-14 23:34:19 - PHP Notice:  Undefined variable: email in C:\OSPanel\domains\newopencart.loc\catalog\view\theme\apple\template\common\footer.tpl on line 77
2018-03-14 23:34:19 - PHP Notice:  Undefined variable: text_information in C:\OSPanel\domains\newopencart.loc\catalog\view\theme\apple\template\common\header.tpl on line 89
2018-03-14 23:34:19 - PHP Notice:  Undefined variable: informations in C:\OSPanel\domains\newopencart.loc\catalog\view\theme\apple\template\common\header.tpl on line 93
2018-03-14 23:36:10 - PHP Notice:  Undefined variable: logo in C:\OSPanel\domains\newopencart.loc\catalog\view\theme\apple\template\common\footer.tpl on line 10
2018-03-14 23:36:10 - PHP Notice:  Undefined variable: telephone in C:\OSPanel\domains\newopencart.loc\catalog\view\theme\apple\template\common\footer.tpl on line 58
2018-03-14 23:36:10 - PHP Notice:  Undefined variable: email in C:\OSPanel\domains\newopencart.loc\catalog\view\theme\apple\template\common\footer.tpl on line 77
2018-03-14 23:36:10 - PHP Notice:  Undefined variable: text_information in C:\OSPanel\domains\newopencart.loc\catalog\view\theme\apple\template\common\header.tpl on line 89
2018-03-14 23:36:10 - PHP Notice:  Undefined variable: informations in C:\OSPanel\domains\newopencart.loc\catalog\view\theme\apple\template\common\header.tpl on line 93
2018-03-14 23:37:18 - PHP Notice:  Undefined variable: logo in C:\OSPanel\domains\newopencart.loc\catalog\view\theme\apple\template\common\footer.tpl on line 10
2018-03-14 23:37:18 - PHP Notice:  Undefined variable: telephone in C:\OSPanel\domains\newopencart.loc\catalog\view\theme\apple\template\common\footer.tpl on line 58
2018-03-14 23:37:18 - PHP Notice:  Undefined variable: email in C:\OSPanel\domains\newopencart.loc\catalog\view\theme\apple\template\common\footer.tpl on line 77
2018-03-14 23:37:18 - PHP Notice:  Undefined variable: text_information in C:\OSPanel\domains\newopencart.loc\catalog\view\theme\apple\template\common\header.tpl on line 89
2018-03-14 23:37:18 - PHP Notice:  Undefined variable: informations in C:\OSPanel\domains\newopencart.loc\catalog\view\theme\apple\template\common\header.tpl on line 93
2018-03-14 23:38:07 - PHP Notice:  Undefined variable: text_information in C:\OSPanel\domains\newopencart.loc\catalog\view\theme\apple\template\common\header.tpl on line 89
2018-03-14 23:38:07 - PHP Notice:  Undefined variable: informations in C:\OSPanel\domains\newopencart.loc\catalog\view\theme\apple\template\common\header.tpl on line 93
2018-03-15 20:04:32 - PHP Notice:  Undefined index: banner_id in C:\OSPanel\domains\newopencart.loc\catalog\controller\extension\module\slideshow.php on line 14
2018-03-15 20:05:30 - PHP Notice:  Undefined index: banner_id in C:\OSPanel\domains\newopencart.loc\admin\controller\extension\module\slideshow.php on line 110
2018-03-16 18:26:07 - PHP Notice:  Undefined variable: logo in C:\OSPanel\domains\newopencart.loc\catalog\view\theme\apple\template\common\footer.tpl on line 49
2018-03-16 18:27:07 - PHP Notice:  Undefined variable: logo in C:\OSPanel\domains\newopencart.loc\catalog\view\theme\apple\template\common\footer.tpl on line 49
2018-03-16 18:28:29 - PHP Notice:  Undefined variable: logo in C:\OSPanel\domains\newopencart.loc\catalog\view\theme\apple\template\common\footer.tpl on line 49
2018-03-16 18:29:21 - PHP Notice:  Undefined variable: logo in C:\OSPanel\domains\newopencart.loc\catalog\view\theme\apple\template\common\footer.tpl on line 49
2018-03-16 18:31:31 - PHP Notice:  Undefined variable: logo in C:\OSPanel\domains\newopencart.loc\catalog\view\theme\apple\template\common\footer.tpl on line 49
2018-03-16 18:37:15 - PHP Notice:  Undefined variable: logo in C:\OSPanel\domains\newopencart.loc\catalog\view\theme\apple\template\common\footer.tpl on line 49
2018-03-16 18:38:25 - PHP Notice:  Undefined variable: logo in C:\OSPanel\domains\newopencart.loc\catalog\view\theme\apple\template\common\footer.tpl on line 49
2018-03-16 18:40:29 - PHP Notice:  Undefined variable: logo in C:\OSPanel\domains\newopencart.loc\catalog\view\theme\apple\template\common\footer.tpl on line 49
2018-03-16 18:41:31 - PHP Notice:  Undefined variable: logo in C:\OSPanel\domains\newopencart.loc\catalog\view\theme\apple\template\common\footer.tpl on line 49
2018-03-16 18:44:19 - PHP Notice:  Undefined variable: logo in C:\OSPanel\domains\newopencart.loc\catalog\view\theme\apple\template\common\footer.tpl on line 49
2018-03-16 18:44:19 - PHP Notice:  Undefined variable: telephone in C:\OSPanel\domains\newopencart.loc\catalog\view\theme\apple\template\common\footer.tpl on line 86
2018-03-16 18:44:40 - PHP Notice:  Undefined variable: logo in C:\OSPanel\domains\newopencart.loc\catalog\view\theme\apple\template\common\footer.tpl on line 49
2018-03-16 18:44:40 - PHP Notice:  Undefined variable: telephone in C:\OSPanel\domains\newopencart.loc\catalog\view\theme\apple\template\common\footer.tpl on line 85
